<?xml version="1.0" encoding="UTF-8"?>
<testsuite xmlns:xsi="http://www.w3.org/2001/XMLSchema-instance" xsi:noNamespaceSchemaLocation="https://maven.apache.org/surefire/maven-surefire-plugin/xsd/surefire-test-report-3.0.xsd" version="3.0" name="com.gestao.gestao.GestaoApplicationTests" time="4.938" tests="1" errors="0" skipped="0" failures="0">
  <properties>
[...]
</properties>
  <testcase name="contextLoads" classname="com.gestao.gestao.GestaoApplicationTests" time="0.532">
    <system-out><![CDATA[16:42:29.820 [main] INFO org.springframework.test.context.support.AnnotationConfigContextLoaderUtils -- Could not detect default configuration classes for test class [com.gestao.gestao.GestaoApplicationTests]: GestaoApplicationTests does not declare any static, non-private, non-final, nested classes annotated with @Configuration.
16:42:29.917 [main] INFO org.springframework.boot.test.context.SpringBootTestContextBootstrapper -- Found @SpringBootConfiguration com.gestao.gestao.GestaoApplication for test class com.gestao.gestao.GestaoApplicationTests
16:42:30.087 [main] INFO org.springframework.boot.devtools.restart.RestartApplicationListener -- Restart disabled due to context in which it is running
  .   ____          _            __ _ _
 /\\ / ___'_ __ _ _(_)_ __  __ _ \ \ \ \
( ( )\___ | '_ | '_| | '_ \/ _` | \ \ \ \
 \\/  ___)| |_)| | | | | || (_| |  ) ) ) )
  '  |____| .__|_| |_|_| |_\__, | / / / /
 =========|_|==============|___/=/_/_/_/

 :: Spring Boot ::                (v3.3.0)

2024-06-12T16:42:30.373-03:00  INFO 25488 --- [gestao] [           main] c.gestao.gestao.GestaoApplicationTests   : Starting GestaoApplicationTests using Java 17.0.11 with PID 25488 (started by joaof in C:\Users\joaof\OneDrive\Documentos\gestao)
2024-06-12T16:42:30.375-03:00  INFO 25488 --- [gestao] [           main] c.gestao.gestao.GestaoApplicationTests   : No active profile set, falling back to 1 default profile: "default"
2024-06-12T16:42:31.093-03:00  INFO 25488 --- [gestao] [           main] .s.d.r.c.RepositoryConfigurationDelegate : Bootstrapping Spring Data JPA repositories in DEFAULT mode.
2024-06-12T16:42:31.162-03:00  INFO 25488 --- [gestao] [           main] .s.d.r.c.RepositoryConfigurationDelegate : Finished Spring Data repository scanning in 60 ms. Found 1 JPA repository interface.
2024-06-12T16:42:31.597-03:00  INFO 25488 --- [gestao] [           main] com.zaxxer.hikari.HikariDataSource       : HikariPool-1 - Starting...
2024-06-12T16:42:31.799-03:00  INFO 25488 --- [gestao] [           main] com.zaxxer.hikari.pool.HikariPool        : HikariPool-1 - Added connection conn0: url=jdbc:h2:mem:testdb user=SA
2024-06-12T16:42:31.801-03:00  INFO 25488 --- [gestao] [           main] com.zaxxer.hikari.HikariDataSource       : HikariPool-1 - Start completed.
2024-06-12T16:42:31.849-03:00  INFO 25488 --- [gestao] [           main] o.hibernate.jpa.internal.util.LogHelper  : HHH000204: Processing PersistenceUnitInfo [name: default]
2024-06-12T16:42:31.903-03:00  INFO 25488 --- [gestao] [           main] org.hibernate.Version                    : HHH000412: Hibernate ORM core version 6.5.2.Final
2024-06-12T16:42:31.953-03:00  INFO 25488 --- [gestao] [           main] o.h.c.internal.RegionFactoryInitiator    : HHH000026: Second-level cache disabled
2024-06-12T16:42:32.341-03:00  INFO 25488 --- [gestao] [           main] o.s.o.j.p.SpringPersistenceUnitInfo      : No LoadTimeWeaver setup: ignoring JPA class transformer
2024-06-12T16:42:33.213-03:00  INFO 25488 --- [gestao] [           main] o.h.e.t.j.p.i.JtaPlatformInitiator       : HHH000489: No JTA platform available (set 'hibernate.transaction.jta.platform' to enable JTA platform integration)
Hibernate: 
    drop table if exists recursos cascade 
Hibernate: 
    create table recursos (
        disponivel boolean not null,
        id bigint generated by default as identity,
        descricao varchar(255),
        tipo varchar(255),
        titulo varchar(255),
        primary key (id)
    )
2024-06-12T16:42:33.253-03:00  INFO 25488 --- [gestao] [           main] j.LocalContainerEntityManagerFactoryBean : Initialized JPA EntityManagerFactory for persistence unit 'default'
2024-06-12T16:42:33.631-03:00  WARN 25488 --- [gestao] [           main] JpaBaseConfiguration$JpaWebConfiguration : spring.jpa.open-in-view is enabled by default. Therefore, database queries may be performed during view rendering. Explicitly configure spring.jpa.open-in-view to disable this warning
2024-06-12T16:42:33.994-03:00  INFO 25488 --- [gestao] [           main] o.s.b.a.h2.H2ConsoleAutoConfiguration    : H2 console available at '/h2-console'. Database available at 'jdbc:h2:mem:testdb'
2024-06-12T16:42:34.050-03:00  INFO 25488 --- [gestao] [           main] c.gestao.gestao.GestaoApplicationTests   : Started GestaoApplicationTests in 3.976 seconds (process running for 4.996)
]]></system-out>
  </testcase>
</testsuite>